<?xml version="1.0" encoding="UTF-8"?>
<!-- Generated by org.testng.reporters.JUnitReportReporter -->
<testsuite skipped="0" hostname="EC2AMAZ-NDM7R0M" name="test.TestNG_Demo" tests="1" failures="0" timestamp="11 Aug 2018 06:58:28 GMT" time="0.880" errors="0">
  <testcase name="googleSearch" time="0.880" classname="test.TestNG_Demo"/>
</testsuite> <!-- test.TestNG_Demo -->
