<?xml version="1.0" encoding="UTF-8"?>
<!-- Generated by org.testng.reporters.JUnitReportReporter -->
<testsuite skipped="0" hostname="EC2AMAZ-NDM7R0M" name="test.PropFileDemo" tests="1" failures="0" timestamp="07 Aug 2018 10:25:21 GMT" time="0.831" errors="0">
  <testcase name="googleSearch" time="0.831" classname="test.PropFileDemo"/>
</testsuite> <!-- test.PropFileDemo -->
