<?xml version="1.0" encoding="UTF-8"?>
<!-- Generated by org.testng.reporters.JUnitReportReporter -->
<testsuite skipped="0" hostname="EC2AMAZ-NDM7R0M" name="test.TestNG_Demo2" tests="1" failures="0" timestamp="05 Aug 2018 12:06:41 GMT" time="2.580" errors="0">
  <testcase name="googleSearch3" time="2.580" classname="test.TestNG_Demo2"/>
</testsuite> <!-- test.TestNG_Demo2 -->
