<?xml version="1.0" encoding="UTF-8"?>
<!-- Generated by org.testng.reporters.JUnitReportReporter -->
<testsuite skipped="0" hostname="EC2AMAZ-NDM7R0M" name="demo.Test1" tests="1" failures="0" timestamp="15 Aug 2018 10:03:08 GMT" time="2.499" errors="0">
  <testcase name="test1" time="2.499" classname="demo.Test1"/>
</testsuite> <!-- demo.Test1 -->
