<?xml version="1.0" encoding="UTF-8"?>
<!-- Generated by org.testng.reporters.JUnitReportReporter -->
<testsuite skipped="0" hostname="EC2AMAZ-NDM7R0M" name="test.DesiredCapabilitiesDemo" tests="1" failures="0" timestamp="05 Aug 2018 01:51:33 GMT" time="121.677" errors="0">
  <testcase name="googleSearch" time="121.677" classname="test.DesiredCapabilitiesDemo"/>
</testsuite> <!-- test.DesiredCapabilitiesDemo -->
