<?xml version="1.0" encoding="UTF-8"?>
<!-- Generated by org.testng.reporters.JUnitReportReporter -->
<testsuite skipped="1" hostname="EC2AMAZ-NDM7R0M" name="demo.TestNGIgnoreDemo" tests="2" failures="0" timestamp="15 Aug 2018 06:57:46 GMT" time="0.009" errors="0">
  <testcase name="test2" time="0.009" classname="demo.TestNGIgnoreDemo"/>
  <testcase name="test1" classname="demo.TestNGIgnoreDemo">
    <skipped/>
  </testcase> <!-- test1 -->
</testsuite> <!-- demo.TestNGIgnoreDemo -->
