<?xml version="1.0" encoding="UTF-8"?>
<!-- Generated by org.testng.reporters.JUnitReportReporter -->
<testsuite skipped="0" hostname="EC2AMAZ-NDM7R0M" name="demo.Demo1" tests="1" failures="0" timestamp="15 Aug 2018 09:47:49 GMT" time="2.332" errors="0">
  <testcase name="testDemo1" time="2.332" classname="demo.Demo1"/>
</testsuite> <!-- demo.Demo1 -->
